<?xml version="1.0" encoding="UTF-8"?>
<!-- Generated by org.testng.reporters.JUnitXMLReporter -->
<testsuite hostname="DESKTOP-3EINJNF" ignored="0" name="HackerRanksTestsSuite" tests="11" failures="0" timestamp="2020-12-03T23:06:24 GMT" time="14.406" errors="0">
  <testcase name="tc01_GET_footballMatches" time="2.525" classname="HackerRankerTests.TC001_GET_FootballMatches"/>
  <testcase name="tc02_StatusCodeValidation" time="0.531" classname="HackerRankerTests.TC001_GET_FootballMatches"/>
  <testcase name="tc03_validateHeaders" time="0.53" classname="HackerRankerTests.TC001_GET_FootballMatches"/>
  <testcase name="tc04_validatetopdata" time="1.253" classname="HackerRankerTests.TC001_GET_FootballMatches"/>
  <testcase name="tc05_validateFirstRecordOfDataArray" time="0.812" classname="HackerRankerTests.TC001_GET_FootballMatches"/>
  <testcase name="tc02_GET_footballCompetitions" time="0.492" classname="HackerRankerTests.TC002_GET_FootballCompetitions"/>
  <testcase name="tc02_StatusCodeValidation" time="0.5" classname="HackerRankerTests.TC002_GET_FootballCompetitions"/>
  <testcase name="tc03_validateHeaders" time="0.501" classname="HackerRankerTests.TC002_GET_FootballCompetitions"/>
  <testcase name="tc04_validatetopdata" time="0.565" classname="HackerRankerTests.TC002_GET_FootballCompetitions"/>
  <testcase name="tc05_validateFirstRecordOfDataArray" time="0.548" classname="HackerRankerTests.TC002_GET_FootballCompetitions"/>
  <testcase name="tc01_ValidateTheCountOfDrawnMatchesIn2011" time="6.087" classname="HackerRankerTests.TC003_CountNoOfMatchesWhichAreDrawnIn2011"/>
</testsuite> <!-- HackerRanksTestsSuite -->
